Temp/gradleOut/build/outputs/logs/manifest-merger-release-report.txt
-- Merging decision tree log ---
manifest
ADDED from src/main/AndroidManifest.xml:2:1-43:12
INJECTED from src/main/AndroidManifest.xml:2:1-43:12
INJECTED from src/main/AndroidManifest.xml:2:1-43:12
INJECTED from src/main/AndroidManifest.xml:2:1-43:12
MERGED from [:UniWebView:] AndroidManifest.xml:2:1-15:12
MERGED from [:androidx.activity.activity-1.0.0:] AndroidManifest.xml:17:1-24:12
MERGED from [:androidx.appcompat.appcompat-1.1.0:] AndroidManifest.xml:17:1-24:12
MERGED from [:androidx.appcompat.appcompat-resources-1.1.0:] AndroidManifest.xml:17:1-24:12
MERGED from [:androidx.arch.core.core-runtime-2.0.0:] AndroidManifest.xml:17:1-22:12
MERGED from [:androidx.asynclayoutinflater.asynclayoutinflater-1.0.0:] AndroidManifest.xml:17:1-22:12
MERGED from [:androidx.browser.browser-1.0.0:] AndroidManifest.xml:17:1-22:12
MERGED from [:androidx.cardview.cardview-1.0.0:] AndroidManifest.xml:17:1-22:12
MERGED from [:androidx.coordinatorlayout.coordinatorlayout-1.0.0:] AndroidManifest.xml:17:1-22:12
MERGED from [:androidx.core.core-1.1.0:] AndroidManifest.xml:17:1-26:12
MERGED from [:androidx.cursoradapter.cursoradapter-1.0.0:] AndroidManifest.xml:17:1-22:12
MERGED from [:androidx.customview.customview-1.0.0:] AndroidManifest.xml:17:1-22:12
MERGED from [:androidx.documentfile.documentfile-1.0.0:] AndroidManifest.xml:17:1-22:12
MERGED from [:androidx.drawerlayout.drawerlayout-1.0.0:] AndroidManifest.xml:17:1-22:12
MERGED from [:androidx.fragment.fragment-1.1.0:] AndroidManifest.xml:17:1-24:12
MERGED from [:androidx.interpolator.interpolator-1.0.0:] AndroidManifest.xml:17:1-22:12
MERGED from [:androidx.legacy.legacy-support-core-ui-1.0.0:] AndroidManifest.xml:17:1-22:12
MERGED from [:androidx.legacy.legacy-support-core-utils-1.0.0:] AndroidManifest.xml:17:1-22:12
MERGED from [:androidx.legacy.legacy-support-v4-1.0.0:] AndroidManifest.xml:17:1-22:12
MERGED from [:androidx.lifecycle.lifecycle-livedata-2.0.0:] AndroidManifest.xml:17:1-22:12
MERGED from [:androidx.lifecycle.lifecycle-livedata-core-2.0.0:] AndroidManifest.xml:17:1-22:12
MERGED from [:androidx.lifecycle.lifecycle-runtime-2.1.0:] AndroidManifest.xml:17:1-22:12
MERGED from [:androidx.lifecycle.lifecycle-viewmodel-2.1.0:] AndroidManifest.xml:17:1-22:12
MERGED from [:androidx.loader.loader-1.0.0:] AndroidManifest.xml:17:1-22:12
MERGED from [:androidx.localbroadcastmanager.localbroadcastmanager-1.0.0:] AndroidManifest.xml:17:1-22:12
MERGED from [:androidx.media.media-1.0.0:] AndroidManifest.xml:17:1-22:12
MERGED from [:androidx.print.print-1.0.0:] AndroidManifest.xml:17:1-22:12
MERGED from [:androidx.savedstate.savedstate-1.0.0:] AndroidManifest.xml:17:1-24:12
MERGED from [:androidx.slidingpanelayout.slidingpanelayout-1.0.0:] AndroidManifest.xml:17:1-22:12
MERGED from [:androidx.swiperefreshlayout.swiperefreshlayout-1.0.0:] AndroidManifest.xml:17:1-22:12
MERGED from [:androidx.vectordrawable.vectordrawable-1.1.0:] AndroidManifest.xml:17:1-24:12
MERGED from [:androidx.vectordrawable.vectordrawable-animated-1.1.0:] AndroidManifest.xml:17:1-24:12
MERGED from [:androidx.versionedparcelable.versionedparcelable-1.1.0:] AndroidManifest.xml:17:1-27:12
MERGED from [:androidx.viewpager.viewpager-1.0.0:] AndroidManifest.xml:17:1-22:12
MERGED from [:com.android.installreferrer.installreferrer-2.1:] AndroidManifest.xml:2:1-13:12
MERGED from [:com.appsflyer.af-android-sdk-5.4.3:] AndroidManifest.xml:2:1-17:12
MERGED from [:com.appsflyer.oaid-5.4.2:] AndroidManifest.xml:2:1-11:12
MERGED from [:com.appsflyer.unity-wrapper-5.4.3:] AndroidManifest.xml:2:1-11:12
MERGED from [:com.facebook.android.facebook-applinks-8.1.0:] AndroidManifest.xml:21:1-31:12
MERGED from [:com.facebook.android.facebook-common-8.1.0:] AndroidManifest.xml:21:1-35:12
MERGED from [:com.facebook.android.facebook-core-8.1.0:] AndroidManifest.xml:21:1-40:12
MERGED from [:com.facebook.android.facebook-gamingservices-8.1.0:] AndroidManifest.xml:21:1-31:12
MERGED from [:com.facebook.android.facebook-login-8.1.0:] AndroidManifest.xml:21:1-31:12
MERGED from [:com.facebook.android.facebook-share-8.1.0:] AndroidManifest.xml:21:1-31:12
MERGED from [:facebook-android-wrapper-8.1.1:] AndroidManifest.xml:21:1-30:12
INJECTED from src/main/AndroidManifest.xml:2:1-43:12
INJECTED from src/main/AndroidManifest.xml:2:1-43:12
INJECTED from src/main/AndroidManifest.xml:2:1-43:12
	package
		ADDED from src/main/AndroidManifest.xml:2:70-113
		INJECTED from src/main/AndroidManifest.xml
		INJECTED from src/main/AndroidManifest.xml
	android:versionName
		ADDED from src/main/AndroidManifest.xml:2:138-163
		INJECTED from src/main/AndroidManifest.xml
		INJECTED from src/main/AndroidManifest.xml
	xmlns:android
		ADDED from src/main/AndroidManifest.xml:2:11-69
	android:versionCode
		ADDED from src/main/AndroidManifest.xml:2:114-137
		INJECTED from src/main/AndroidManifest.xml
		INJECTED from src/main/AndroidManifest.xml
	android:installLocation
		ADDED from src/main/AndroidManifest.xml:2:164-204
supports-screens
ADDED from src/main/AndroidManifest.xml:3:3-163
	android:largeScreens
		ADDED from src/main/AndroidManifest.xml:3:78-105
	android:smallScreens
		ADDED from src/main/AndroidManifest.xml:3:21-48
	android:normalScreens
		ADDED from src/main/AndroidManifest.xml:3:49-77
	android:xlargeScreens
		ADDED from src/main/AndroidManifest.xml:3:106-134
	android:anyDensity
		ADDED from src/main/AndroidManifest.xml:3:135-160
application
ADDED from src/main/AndroidManifest.xml:4:3-34:17
MERGED from [:UniWebView:] AndroidManifest.xml:11:5-13:19
MERGED from [:UniWebView:] AndroidManifest.xml:11:5-13:19
MERGED from [:androidx.core.core-1.1.0:] AndroidManifest.xml:24:5-89
MERGED from [:androidx.core.core-1.1.0:] AndroidManifest.xml:24:5-89
MERGED from [:androidx.versionedparcelable.versionedparcelable-1.1.0:] AndroidManifest.xml:24:5-25:19
MERGED from [:androidx.versionedparcelable.versionedparcelable-1.1.0:] AndroidManifest.xml:24:5-25:19
MERGED from [:com.android.installreferrer.installreferrer-2.1:] AndroidManifest.xml:11:5-20
MERGED from [:com.android.installreferrer.installreferrer-2.1:] AndroidManifest.xml:11:5-20
MERGED from [:com.appsflyer.af-android-sdk-5.4.3:] AndroidManifest.xml:14:5-15:19
MERGED from [:com.appsflyer.af-android-sdk-5.4.3:] AndroidManifest.xml:14:5-15:19
MERGED from [:com.facebook.android.facebook-applinks-8.1.0:] AndroidManifest.xml:28:5-29:19
MERGED from [:com.facebook.android.facebook-applinks-8.1.0:] AndroidManifest.xml:28:5-29:19
MERGED from [:com.facebook.android.facebook-common-8.1.0:] AndroidManifest.xml:23:3-34:17
MERGED from [:com.facebook.android.facebook-common-8.1.0:] AndroidManifest.xml:23:3-34:17
MERGED from [:com.facebook.android.facebook-core-8.1.0:] AndroidManifest.xml:23:3-39:17
MERGED from [:com.facebook.android.facebook-core-8.1.0:] AndroidManifest.xml:23:3-39:17
MERGED from [:com.facebook.android.facebook-gamingservices-8.1.0:] AndroidManifest.xml:28:5-29:19
MERGED from [:com.facebook.android.facebook-gamingservices-8.1.0:] AndroidManifest.xml:28:5-29:19
MERGED from [:com.facebook.android.facebook-login-8.1.0:] AndroidManifest.xml:28:5-29:19
MERGED from [:com.facebook.android.facebook-login-8.1.0:] AndroidManifest.xml:28:5-29:19
MERGED from [:com.facebook.android.facebook-share-8.1.0:] AndroidManifest.xml:28:5-29:19
MERGED from [:com.facebook.android.facebook-share-8.1.0:] AndroidManifest.xml:28:5-29:19
MERGED from [:facebook-android-wrapper-8.1.1:] AndroidManifest.xml:28:5-20
MERGED from [:facebook-android-wrapper-8.1.1:] AndroidManifest.xml:28:5-20
	android:supportsRtl
		ADDED from [:com.facebook.android.facebook-applinks-8.1.0:] AndroidManifest.xml:28:18-44
	android:appComponentFactory
		ADDED from [:androidx.core.core-1.1.0:] AndroidManifest.xml:24:18-86
	android:label
		ADDED from src/main/AndroidManifest.xml:4:75-107
	android:fullBackupContent
		ADDED from [:com.appsflyer.af-android-sdk-5.4.3:] AndroidManifest.xml:14:18-73
	android:icon
		ADDED from src/main/AndroidManifest.xml:4:168-199
	android:banner
		ADDED from src/main/AndroidManifest.xml:4:130-167
	android:theme
		ADDED from src/main/AndroidManifest.xml:4:16-74
	android:isGame
		ADDED from src/main/AndroidManifest.xml:4:108-129
activity#com.unity3d.player.UnityPlayerActivity
ADDED from src/main/AndroidManifest.xml:5:5-12:16
	android:screenOrientation
		ADDED from src/main/AndroidManifest.xml:5:102-140
	android:label
		ADDED from src/main/AndroidManifest.xml:5:69-101
	android:launchMode
		ADDED from src/main/AndroidManifest.xml:5:141-172
	android:hardwareAccelerated
		ADDED from src/main/AndroidManifest.xml:5:355-390
	android:configChanges
		ADDED from src/main/AndroidManifest.xml:5:173-354
	android:name
		ADDED from src/main/AndroidManifest.xml:5:15-68
intent-filter#action:name:android.intent.action.MAIN+category:name:android.intent.category.LAUNCHER+category:name:android.intent.category.LEANBACK_LAUNCHER
ADDED from src/main/AndroidManifest.xml:6:7-10:23
action#android.intent.action.MAIN
ADDED from src/main/AndroidManifest.xml:7:9-61
	android:name
		ADDED from src/main/AndroidManifest.xml:7:17-58
category#android.intent.category.LAUNCHER
ADDED from src/main/AndroidManifest.xml:8:9-69
	android:name
		ADDED from src/main/AndroidManifest.xml:8:19-66
category#android.intent.category.LEANBACK_LAUNCHER
ADDED from src/main/AndroidManifest.xml:9:9-78
	android:name
		ADDED from src/main/AndroidManifest.xml:9:19-75
meta-data#unityplayer.UnityActivity
ADDED from src/main/AndroidManifest.xml:11:7-82
	android:value
		ADDED from src/main/AndroidManifest.xml:11:59-79
	android:name
		ADDED from src/main/AndroidManifest.xml:11:18-58
activity#com.facebook.unity.FBUnityLoginActivity
ADDED from src/main/AndroidManifest.xml:13:5-301
	android:configChanges
		ADDED from src/main/AndroidManifest.xml:13:70-227
	android:theme
		ADDED from src/main/AndroidManifest.xml:13:228-298
	android:name
		ADDED from src/main/AndroidManifest.xml:13:15-69
activity#com.facebook.unity.FBUnityDialogsActivity
ADDED from src/main/AndroidManifest.xml:14:5-303
	android:configChanges
		ADDED from src/main/AndroidManifest.xml:14:72-229
	android:theme
		ADDED from src/main/AndroidManifest.xml:14:230-300
	android:name
		ADDED from src/main/AndroidManifest.xml:14:15-71
activity#com.facebook.unity.FBUnityGamingServicesFriendFinderActivity
ADDED from src/main/AndroidManifest.xml:15:5-322
	android:configChanges
		ADDED from src/main/AndroidManifest.xml:15:91-248
	android:theme
		ADDED from src/main/AndroidManifest.xml:15:249-319
	android:name
		ADDED from src/main/AndroidManifest.xml:15:15-90
activity#com.facebook.unity.FBUnityAppLinkActivity
ADDED from src/main/AndroidManifest.xml:16:5-22:16
	android:exported
		ADDED from src/main/AndroidManifest.xml:16:72-95
	android:name
		ADDED from src/main/AndroidManifest.xml:16:15-71
intent-filter#action:name:android.intent.action.VIEW+category:name:android.intent.category.DEFAULT+data:scheme:app
ADDED from src/main/AndroidManifest.xml:17:7-21:23
action#android.intent.action.VIEW
ADDED from src/main/AndroidManifest.xml:18:9-61
	android:name
		ADDED from src/main/AndroidManifest.xml:18:17-58
category#android.intent.category.DEFAULT
ADDED from src/main/AndroidManifest.xml:19:9-68
	android:name
		ADDED from src/main/AndroidManifest.xml:19:19-65
data
ADDED from src/main/AndroidManifest.xml:20:9-38
	android:scheme
		ADDED from src/main/AndroidManifest.xml:20:15-35
activity#com.facebook.unity.FBUnityDeepLinkingActivity
ADDED from src/main/AndroidManifest.xml:23:5-102
	android:exported
		ADDED from src/main/AndroidManifest.xml:23:76-99
	android:name
		ADDED from src/main/AndroidManifest.xml:23:15-75
activity#com.facebook.unity.FBUnityGameRequestActivity
ADDED from src/main/AndroidManifest.xml:24:5-78
	android:name
		ADDED from src/main/AndroidManifest.xml:24:15-75
activity#com.facebook.unity.FBUnityCreateGameGroupActivity
ADDED from src/main/AndroidManifest.xml:25:5-82
	android:name
		ADDED from src/main/AndroidManifest.xml:25:15-79
activity#com.facebook.unity.FBUnityJoinGameGroupActivity
ADDED from src/main/AndroidManifest.xml:26:5-80
	android:name
		ADDED from src/main/AndroidManifest.xml:26:15-77
meta-data#com.facebook.sdk.ApplicationId
ADDED from src/main/AndroidManifest.xml:27:5-98
	android:value
		ADDED from src/main/AndroidManifest.xml:27:62-95
	android:name
		ADDED from src/main/AndroidManifest.xml:27:16-61
meta-data#com.facebook.sdk.AutoLogAppEventsEnabled
ADDED from src/main/AndroidManifest.xml:28:5-95
	android:value
		ADDED from src/main/AndroidManifest.xml:28:72-92
	android:name
		ADDED from src/main/AndroidManifest.xml:28:16-71
meta-data#com.facebook.sdk.AdvertiserIDCollectionEnabled
ADDED from src/main/AndroidManifest.xml:29:5-101
	android:value
		ADDED from src/main/AndroidManifest.xml:29:78-98
	android:name
		ADDED from src/main/AndroidManifest.xml:29:16-77
provider#com.facebook.FacebookContentProvider
ADDED from src/main/AndroidManifest.xml:30:5-171
	android:authorities
		ADDED from src/main/AndroidManifest.xml:30:67-144
	android:exported
		ADDED from src/main/AndroidManifest.xml:30:145-168
	android:name
		ADDED from src/main/AndroidManifest.xml:30:15-66
meta-data#unity.build-id
ADDED from src/main/AndroidManifest.xml:31:5-101
	android:value
		ADDED from src/main/AndroidManifest.xml:31:46-98
	android:name
		ADDED from src/main/AndroidManifest.xml:31:16-45
meta-data#unity.splash-mode
ADDED from src/main/AndroidManifest.xml:32:5-69
	android:value
		ADDED from src/main/AndroidManifest.xml:32:49-66
	android:name
		ADDED from src/main/AndroidManifest.xml:32:16-48
meta-data#unity.splash-enable
ADDED from src/main/AndroidManifest.xml:33:5-74
	android:value
		ADDED from src/main/AndroidManifest.xml:33:51-71
	android:name
		ADDED from src/main/AndroidManifest.xml:33:16-50
uses-feature#0x00020000
ADDED from src/main/AndroidManifest.xml:35:3-52
	android:glEsVersion
		ADDED from src/main/AndroidManifest.xml:35:17-49
uses-permission#android.permission.INTERNET
ADDED from src/main/AndroidManifest.xml:36:3-65
MERGED from [:UniWebView:] AndroidManifest.xml:9:5-67
MERGED from [:UniWebView:] AndroidManifest.xml:9:5-67
MERGED from [:com.appsflyer.af-android-sdk-5.4.3:] AndroidManifest.xml:11:5-67
MERGED from [:com.appsflyer.af-android-sdk-5.4.3:] AndroidManifest.xml:11:5-67
	android:name
		ADDED from src/main/AndroidManifest.xml:36:20-62
uses-permission#android.permission.ACCESS_FINE_LOCATION
ADDED from src/main/AndroidManifest.xml:37:3-77
	android:name
		ADDED from src/main/AndroidManifest.xml:37:20-74
uses-feature#android.hardware.location.gps
ADDED from src/main/AndroidManifest.xml:38:3-89
	android:required
		ADDED from src/main/AndroidManifest.xml:38:62-86
	android:name
		ADDED from src/main/AndroidManifest.xml:38:17-61
uses-feature#android.hardware.location
ADDED from src/main/AndroidManifest.xml:39:3-85
	android:required
		ADDED from src/main/AndroidManifest.xml:39:58-82
	android:name
		ADDED from src/main/AndroidManifest.xml:39:17-57
uses-feature#android.hardware.touchscreen
ADDED from src/main/AndroidManifest.xml:40:3-88
	android:required
		ADDED from src/main/AndroidManifest.xml:40:61-85
	android:name
		ADDED from src/main/AndroidManifest.xml:40:17-60
uses-feature#android.hardware.touchscreen.multitouch
ADDED from src/main/AndroidManifest.xml:41:3-99
	android:required
		ADDED from src/main/AndroidManifest.xml:41:72-96
	android:name
		ADDED from src/main/AndroidManifest.xml:41:17-71
uses-feature#android.hardware.touchscreen.multitouch.distinct
ADDED from src/main/AndroidManifest.xml:42:3-108
	android:required
		ADDED from src/main/AndroidManifest.xml:42:81-105
	android:name
		ADDED from src/main/AndroidManifest.xml:42:17-80
uses-sdk
INJECTED from src/main/AndroidManifest.xml reason: use-sdk injection requested
INJECTED from src/main/AndroidManifest.xml
INJECTED from src/main/AndroidManifest.xml
MERGED from [:UniWebView:] AndroidManifest.xml:5:5-7:41
MERGED from [:UniWebView:] AndroidManifest.xml:5:5-7:41
MERGED from [:androidx.activity.activity-1.0.0:] AndroidManifest.xml:20:5-22:41
MERGED from [:androidx.activity.activity-1.0.0:] AndroidManifest.xml:20:5-22:41
MERGED from [:androidx.appcompat.appcompat-1.1.0:] AndroidManifest.xml:20:5-22:41
MERGED from [:androidx.appcompat.appcompat-1.1.0:] AndroidManifest.xml:20:5-22:41
MERGED from [:androidx.appcompat.appcompat-resources-1.1.0:] AndroidManifest.xml:20:5-22:41
MERGED from [:androidx.appcompat.appcompat-resources-1.1.0:] AndroidManifest.xml:20:5-22:41
MERGED from [:androidx.arch.core.core-runtime-2.0.0:] AndroidManifest.xml:20:5-44
MERGED from [:androidx.arch.core.core-runtime-2.0.0:] AndroidManifest.xml:20:5-44
MERGED from [:androidx.asynclayoutinflater.asynclayoutinflater-1.0.0:] AndroidManifest.xml:20:5-44
MERGED from [:androidx.asynclayoutinflater.asynclayoutinflater-1.0.0:] AndroidManifest.xml:20:5-44
MERGED from [:androidx.browser.browser-1.0.0:] AndroidManifest.xml:20:5-44
MERGED from [:androidx.browser.browser-1.0.0:] AndroidManifest.xml:20:5-44
MERGED from [:androidx.cardview.cardview-1.0.0:] AndroidManifest.xml:20:5-44
MERGED from [:androidx.cardview.cardview-1.0.0:] AndroidManifest.xml:20:5-44
MERGED from [:androidx.coordinatorlayout.coordinatorlayout-1.0.0:] AndroidManifest.xml:20:5-44
MERGED from [:androidx.coordinatorlayout.coordinatorlayout-1.0.0:] AndroidManifest.xml:20:5-44
MERGED from [:androidx.core.core-1.1.0:] AndroidManifest.xml:20:5-22:41
MERGED from [:androidx.core.core-1.1.0:] AndroidManifest.xml:20:5-22:41
MERGED from [:androidx.cursoradapter.cursoradapter-1.0.0:] AndroidManifest.xml:20:5-44
MERGED from [:androidx.cursoradapter.cursoradapter-1.0.0:] AndroidManifest.xml:20:5-44
MERGED from [:androidx.customview.customview-1.0.0:] AndroidManifest.xml:20:5-44
MERGED from [:androidx.customview.customview-1.0.0:] AndroidManifest.xml:20:5-44
MERGED from [:androidx.documentfile.documentfile-1.0.0:] AndroidManifest.xml:20:5-44
MERGED from [:androidx.documentfile.documentfile-1.0.0:] AndroidManifest.xml:20:5-44
MERGED from [:androidx.drawerlayout.drawerlayout-1.0.0:] AndroidManifest.xml:20:5-44
MERGED from [:androidx.drawerlayout.drawerlayout-1.0.0:] AndroidManifest.xml:20:5-44
MERGED from [:androidx.fragment.fragment-1.1.0:] AndroidManifest.xml:20:5-22:41
MERGED from [:androidx.fragment.fragment-1.1.0:] AndroidManifest.xml:20:5-22:41
MERGED from [:androidx.interpolator.interpolator-1.0.0:] AndroidManifest.xml:20:5-44
MERGED from [:androidx.interpolator.interpolator-1.0.0:] AndroidManifest.xml:20:5-44
MERGED from [:androidx.legacy.legacy-support-core-ui-1.0.0:] AndroidManifest.xml:20:5-44
MERGED from [:androidx.legacy.legacy-support-core-ui-1.0.0:] AndroidManifest.xml:20:5-44
MERGED from [:androidx.legacy.legacy-support-core-utils-1.0.0:] AndroidManifest.xml:20:5-44
MERGED from [:androidx.legacy.legacy-support-core-utils-1.0.0:] AndroidManifest.xml:20:5-44
MERGED from [:androidx.legacy.legacy-support-v4-1.0.0:] AndroidManifest.xml:20:5-44
MERGED from [:androidx.legacy.legacy-support-v4-1.0.0:] AndroidManifest.xml:20:5-44
MERGED from [:androidx.lifecycle.lifecycle-livedata-2.0.0:] AndroidManifest.xml:20:5-44
MERGED from [:androidx.lifecycle.lifecycle-livedata-2.0.0:] AndroidManifest.xml:20:5-44
MERGED from [:androidx.lifecycle.lifecycle-livedata-core-2.0.0:] AndroidManifest.xml:20:5-44
MERGED from [:androidx.lifecycle.lifecycle-livedata-core-2.0.0:] AndroidManifest.xml:20:5-44
MERGED from [:androidx.lifecycle.lifecycle-runtime-2.1.0:] AndroidManifest.xml:20:5-44
MERGED from [:androidx.lifecycle.lifecycle-runtime-2.1.0:] AndroidManifest.xml:20:5-44
MERGED from [:androidx.lifecycle.lifecycle-viewmodel-2.1.0:] AndroidManifest.xml:20:5-44
MERGED from [:androidx.lifecycle.lifecycle-viewmodel-2.1.0:] AndroidManifest.xml:20:5-44
MERGED from [:androidx.loader.loader-1.0.0:] AndroidManifest.xml:20:5-44
MERGED from [:androidx.loader.loader-1.0.0:] AndroidManifest.xml:20:5-44
MERGED from [:androidx.localbroadcastmanager.localbroadcastmanager-1.0.0:] AndroidManifest.xml:20:5-44
MERGED from [:androidx.localbroadcastmanager.localbroadcastmanager-1.0.0:] AndroidManifest.xml:20:5-44
MERGED from [:androidx.media.media-1.0.0:] AndroidManifest.xml:20:5-44
MERGED from [:androidx.media.media-1.0.0:] AndroidManifest.xml:20:5-44
MERGED from [:androidx.print.print-1.0.0:] AndroidManifest.xml:20:5-44
MERGED from [:androidx.print.print-1.0.0:] AndroidManifest.xml:20:5-44
MERGED from [:androidx.savedstate.savedstate-1.0.0:] AndroidManifest.xml:20:5-22:41
MERGED from [:androidx.savedstate.savedstate-1.0.0:] AndroidManifest.xml:20:5-22:41
MERGED from [:androidx.slidingpanelayout.slidingpanelayout-1.0.0:] AndroidManifest.xml:20:5-44
MERGED from [:androidx.slidingpanelayout.slidingpanelayout-1.0.0:] AndroidManifest.xml:20:5-44
MERGED from [:androidx.swiperefreshlayout.swiperefreshlayout-1.0.0:] AndroidManifest.xml:20:5-44
MERGED from [:androidx.swiperefreshlayout.swiperefreshlayout-1.0.0:] AndroidManifest.xml:20:5-44
MERGED from [:androidx.vectordrawable.vectordrawable-1.1.0:] AndroidManifest.xml:20:5-22:41
MERGED from [:androidx.vectordrawable.vectordrawable-1.1.0:] AndroidManifest.xml:20:5-22:41
MERGED from [:androidx.vectordrawable.vectordrawable-animated-1.1.0:] AndroidManifest.xml:20:5-22:41
MERGED from [:androidx.vectordrawable.vectordrawable-animated-1.1.0:] AndroidManifest.xml:20:5-22:41
MERGED from [:androidx.versionedparcelable.versionedparcelable-1.1.0:] AndroidManifest.xml:20:5-22:41
MERGED from [:androidx.versionedparcelable.versionedparcelable-1.1.0:] AndroidManifest.xml:20:5-22:41
MERGED from [:androidx.viewpager.viewpager-1.0.0:] AndroidManifest.xml:20:5-44
MERGED from [:androidx.viewpager.viewpager-1.0.0:] AndroidManifest.xml:20:5-44
MERGED from [:com.android.installreferrer.installreferrer-2.1:] AndroidManifest.xml:5:5-7:41
MERGED from [:com.android.installreferrer.installreferrer-2.1:] AndroidManifest.xml:5:5-7:41
MERGED from [:com.appsflyer.af-android-sdk-5.4.3:] AndroidManifest.xml:7:5-9:41
MERGED from [:com.appsflyer.af-android-sdk-5.4.3:] AndroidManifest.xml:7:5-9:41
MERGED from [:com.appsflyer.oaid-5.4.2:] AndroidManifest.xml:7:5-9:41
MERGED from [:com.appsflyer.oaid-5.4.2:] AndroidManifest.xml:7:5-9:41
MERGED from [:com.appsflyer.unity-wrapper-5.4.3:] AndroidManifest.xml:7:5-9:41
MERGED from [:com.appsflyer.unity-wrapper-5.4.3:] AndroidManifest.xml:7:5-9:41
MERGED from [:com.facebook.android.facebook-applinks-8.1.0:] AndroidManifest.xml:24:5-26:41
MERGED from [:com.facebook.android.facebook-applinks-8.1.0:] AndroidManifest.xml:24:5-26:41
MERGED from [:com.facebook.android.facebook-common-8.1.0:] AndroidManifest.xml:22:3-72
MERGED from [:com.facebook.android.facebook-common-8.1.0:] AndroidManifest.xml:22:3-72
MERGED from [:com.facebook.android.facebook-core-8.1.0:] AndroidManifest.xml:22:3-72
MERGED from [:com.facebook.android.facebook-core-8.1.0:] AndroidManifest.xml:22:3-72
MERGED from [:com.facebook.android.facebook-gamingservices-8.1.0:] AndroidManifest.xml:24:5-26:41
MERGED from [:com.facebook.android.facebook-gamingservices-8.1.0:] AndroidManifest.xml:24:5-26:41
MERGED from [:com.facebook.android.facebook-login-8.1.0:] AndroidManifest.xml:24:5-26:41
MERGED from [:com.facebook.android.facebook-login-8.1.0:] AndroidManifest.xml:24:5-26:41
MERGED from [:com.facebook.android.facebook-share-8.1.0:] AndroidManifest.xml:24:5-26:41
MERGED from [:com.facebook.android.facebook-share-8.1.0:] AndroidManifest.xml:24:5-26:41
MERGED from [:facebook-android-wrapper-8.1.1:] AndroidManifest.xml:24:5-26:41
MERGED from [:facebook-android-wrapper-8.1.1:] AndroidManifest.xml:24:5-26:41
INJECTED from src/main/AndroidManifest.xml
INJECTED from src/main/AndroidManifest.xml
	android:targetSdkVersion
		INJECTED from src/main/AndroidManifest.xml
		ADDED from src/main/AndroidManifest.xml
		INJECTED from src/main/AndroidManifest.xml
	android:minSdkVersion
		INJECTED from src/main/AndroidManifest.xml
		ADDED from src/main/AndroidManifest.xml
		INJECTED from src/main/AndroidManifest.xml
activity#com.onevcat.uniwebview.UniWebViewFileChooserActivity
ADDED from [:UniWebView:] AndroidManifest.xml:12:9-89
	android:name
		ADDED from [:UniWebView:] AndroidManifest.xml:12:19-86
uses-permission#com.google.android.finsky.permission.BIND_GET_INSTALL_REFERRER_SERVICE
ADDED from [:com.android.installreferrer.installreferrer-2.1:] AndroidManifest.xml:9:5-110
	android:name
		ADDED from [:com.android.installreferrer.installreferrer-2.1:] AndroidManifest.xml:9:22-107
uses-permission#android.permission.ACCESS_NETWORK_STATE
ADDED from [:com.appsflyer.af-android-sdk-5.4.3:] AndroidManifest.xml:12:5-79
	android:name
		ADDED from [:com.appsflyer.af-android-sdk-5.4.3:] AndroidManifest.xml:12:22-76
activity#com.facebook.FacebookActivity
ADDED from [:com.facebook.android.facebook-common-8.1.0:] AndroidManifest.xml:24:5-197
	android:configChanges
		ADDED from [:com.facebook.android.facebook-common-8.1.0:] AndroidManifest.xml:24:60-143
	android:theme
		ADDED from [:com.facebook.android.facebook-common-8.1.0:] AndroidManifest.xml:24:144-194
	android:name
		ADDED from [:com.facebook.android.facebook-common-8.1.0:] AndroidManifest.xml:24:15-59
activity#com.facebook.CustomTabMainActivity
ADDED from [:com.facebook.android.facebook-common-8.1.0:] AndroidManifest.xml:25:5-67
	android:name
		ADDED from [:com.facebook.android.facebook-common-8.1.0:] AndroidManifest.xml:25:15-64
activity#com.facebook.CustomTabActivity
ADDED from [:com.facebook.android.facebook-common-8.1.0:] AndroidManifest.xml:26:5-33:16
	tools:node
		ADDED from [:com.facebook.android.facebook-common-8.1.0:] AndroidManifest.xml:26:85-103
	android:exported
		ADDED from [:com.facebook.android.facebook-common-8.1.0:] AndroidManifest.xml:26:61-84
	android:name
		ADDED from [:com.facebook.android.facebook-common-8.1.0:] AndroidManifest.xml:26:15-60
intent-filter#action:name:android.intent.action.VIEW+category:name:android.intent.category.BROWSABLE+category:name:android.intent.category.DEFAULT+data:host:cct.com.DefaultCompany.TestTaskMpulse+data:scheme:fbconnect
ADDED from [:com.facebook.android.facebook-common-8.1.0:] AndroidManifest.xml:27:7-32:23
category#android.intent.category.BROWSABLE
ADDED from [:com.facebook.android.facebook-common-8.1.0:] AndroidManifest.xml:30:9-70
	android:name
		ADDED from [:com.facebook.android.facebook-common-8.1.0:] AndroidManifest.xml:30:19-67
provider#com.facebook.internal.FacebookInitProvider
ADDED from [:com.facebook.android.facebook-core-8.1.0:] AndroidManifest.xml:33:5-177
	android:authorities
		ADDED from [:com.facebook.android.facebook-core-8.1.0:] AndroidManifest.xml:33:73-149
	android:exported
		ADDED from [:com.facebook.android.facebook-core-8.1.0:] AndroidManifest.xml:33:150-174
	android:name
		ADDED from [:com.facebook.android.facebook-core-8.1.0:] AndroidManifest.xml:33:15-72
receiver#com.facebook.CurrentAccessTokenExpirationBroadcastReceiver
ADDED from [:com.facebook.android.facebook-core-8.1.0:] AndroidManifest.xml:34:5-38:16
	android:exported
		ADDED from [:com.facebook.android.facebook-core-8.1.0:] AndroidManifest.xml:34:89-113
	android:name
		ADDED from [:com.facebook.android.facebook-core-8.1.0:] AndroidManifest.xml:34:15-88
intent-filter#action:name:com.facebook.sdk.ACTION_CURRENT_ACCESS_TOKEN_CHANGED
ADDED from [:com.facebook.android.facebook-core-8.1.0:] AndroidManifest.xml:35:7-37:23
action#com.facebook.sdk.ACTION_CURRENT_ACCESS_TOKEN_CHANGED
ADDED from [:com.facebook.android.facebook-core-8.1.0:] AndroidManifest.xml:36:9-87
	android:name
		ADDED from [:com.facebook.android.facebook-core-8.1.0:] AndroidManifest.xml:36:17-84